[root@WIEN-3BB-FSM-SV ~]# tail -n 20 /opt/phoenix/log/phoenix.log
2025-02-08T22:34:51.557903+01:00 WIEN-3BB-FSM-SV phMonitorSupervisor[3698548]: [PH_BASE_PROC_SYS_PROC_INFO_GET_FAILURE]:[eventSeverity]=PHL_WARNING,[procName]=phMonitorSupervisor,[fileName]=phSystemProcessInfo.cpp,[lineNumber]=447,[phLogDetail]=Failed to get system process information(/opt/phoenix/log/Node.js-charting.pid)
2025-02-08T22:34:52.097787+01:00 WIEN-3BB-FSM-SV phRuleWorker[3699553]: [PH_GENERIC_INFO]:[eventSeverity]=PHL_INFO,[procName]=phRuleWorker,[fileName]=phRuleWorker.cpp,[lineNumber]=299,[phLogDetail]=packer thread 45056 no more task, totalInserts=0, totalPackSize=0
2025-02-08T22:34:52.097904+01:00 WIEN-3BB-FSM-SV phRuleWorker[3699553]: [PH_GENERIC_INFO]:[eventSeverity]=PHL_INFO,[procName]=phRuleWorker,[fileName]=phRuleWorker.cpp,[lineNumber]=299,[phLogDetail]=packer thread 1 no more task, totalInserts=0, totalPackSize=0
2025-02-08T22:34:52.098006+01:00 WIEN-3BB-FSM-SV phRuleWorker[3699553]: [PH_GENERIC_INFO]:[eventSeverity]=PHL_INFO,[procName]=phRuleWorker,[fileName]=phRuleWorker.cpp,[lineNumber]=299,[phLogDetail]=packer thread 44160 no more task, totalInserts=0, totalPackSize=0
2025-02-08T22:34:56.555849+01:00 WIEN-3BB-FSM-SV phMonitorSupervisor[3698548]: [PH_BASE_PROC_SYS_PROC_INFO_GET_FAILURE]:[eventSeverity]=PHL_WARNING,[procName]=phMonitorSupervisor,[fileName]=phSystemProcessInfo.cpp,[lineNumber]=447,[phLogDetail]=Failed to get system process information(/opt/phoenix/log/Node.js-charting.pid)
2025-02-08T22:35:01.545875+01:00 WIEN-3BB-FSM-SV phMonitorSupervisor[3698548]: [PH_BASE_PROC_SYS_PROC_INFO_GET_FAILURE]:[eventSeverity]=PHL_WARNING,[procName]=phMonitorSupervisor,[fileName]=phSystemProcessInfo.cpp,[lineNumber]=447,[phLogDetail]=Failed to get system process information(/opt/phoenix/log/Node.js-charting.pid)
2025-02-08T22:35:06.559286+01:00 WIEN-3BB-FSM-SV phMonitorSupervisor[3698548]: [PH_BASE_PROC_SYS_PROC_INFO_GET_FAILURE]:[eventSeverity]=PHL_WARNING,[procName]=phMonitorSupervisor,[fileName]=phSystemProcessInfo.cpp,[lineNumber]=447,[phLogDetail]=Failed to get system process information(/opt/phoenix/log/Node.js-charting.pid)
2025-02-08T22:35:07.099676+01:00 WIEN-3BB-FSM-SV phRuleWorker[3699553]: [PH_GENERIC_INFO]:[eventSeverity]=PHL_INFO,[procName]=phRuleWorker,[fileName]=phRuleWorker.cpp,[lineNumber]=299,[phLogDetail]=packer thread 45056 no more task, totalInserts=0, totalPackSize=0
2025-02-08T22:35:07.099743+01:00 WIEN-3BB-FSM-SV phRuleWorker[3699553]: [PH_GENERIC_INFO]:[eventSeverity]=PHL_INFO,[procName]=phRuleWorker,[fileName]=phRuleWorker.cpp,[lineNumber]=299,[phLogDetail]=packer thread 44160 no more task, totalInserts=0, totalPackSize=0
2025-02-08T22:35:07.099817+01:00 WIEN-3BB-FSM-SV phRuleWorker[3699553]: [PH_GENERIC_INFO]:[eventSeverity]=PHL_INFO,[procName]=phRuleWorker,[fileName]=phRuleWorker.cpp,[lineNumber]=299,[phLogDetail]=packer thread 1 no more task, totalInserts=0, totalPackSize=0
2025-02-08T22:35:09.670319+01:00 WIEN-3BB-FSM-SV phDataManager[3699547]: [PH_GENERIC_ERROR]:[eventSeverity]=PHL_ERROR,[procName]=phDataManager,[fileName]=JsonUtils.cpp,[lineNumber]=329,[phLogDetail]=Error for index:fortisiem-event-2025.02.08-1 event id:5542945978877244853 status:404, reason:no such index [fortisiem-event-2025.02.08-1] and [action.auto_create_index] contains [-fortisiem-event-*] which forbids automatic creation of the index
2025-02-08T22:35:09.687522+01:00 WIEN-3BB-FSM-SV phDataManager[3699547]: [PH_GENERIC_ERROR]:[eventSeverity]=PHL_ERROR,[procName]=phDataManager,[fileName]=JsonUtils.cpp,[lineNumber]=329,[phLogDetail]=Error for index:fortisiem-event-2025.02.08-1 event id:5542945978877194745 status:404, reason:no such index [fortisiem-event-2025.02.08-1] and [action.auto_create_index] contains [-fortisiem-event-*] which forbids automatic creation of the index
2025-02-08T22:35:09.696754+01:00 WIEN-3BB-FSM-SV phQueryMaster[3699542]: [PH_GENERIC_INFO]:[eventSeverity]=PHL_INFO,[procName]=phQueryMaster,[fileName]=SummEventPoller.cpp,[lineNumber]=305,[phLogDetail]=Elastic succeed hits total 0 for time (1739050419,1739050449]
2025-02-08T22:35:09.696771+01:00 WIEN-3BB-FSM-SV phQueryMaster[3699542]: [PH_GENERIC_INFO]:[eventSeverity]=PHL_INFO,[procName]=phQueryMaster,[fileName]=SummEventPoller.cpp,[lineNumber]=325,[phLogDetail]=Elastic summary scroll completed 0 seconds
2025-02-08T22:35:11.555640+01:00 WIEN-3BB-FSM-SV phMonitorSupervisor[3698548]: [PH_BASE_PROC_SYS_PROC_INFO_GET_FAILURE]:[eventSeverity]=PHL_WARNING,[procName]=phMonitorSupervisor,[fileName]=phSystemProcessInfo.cpp,[lineNumber]=447,[phLogDetail]=Failed to get system process information(/opt/phoenix/log/Node.js-charting.pid)
2025-02-08T22:35:16.559039+01:00 WIEN-3BB-FSM-SV phMonitorSupervisor[3698548]: [PH_BASE_PROC_SYS_PROC_INFO_GET_FAILURE]:[eventSeverity]=PHL_WARNING,[procName]=phMonitorSupervisor,[fileName]=phSystemProcessInfo.cpp,[lineNumber]=447,[phLogDetail]=Failed to get system process information(/opt/phoenix/log/Node.js-charting.pid)
2025-02-08T22:35:21.545475+01:00 WIEN-3BB-FSM-SV phMonitorSupervisor[3698548]: [PH_BASE_PROC_SYS_PROC_INFO_GET_FAILURE]:[eventSeverity]=PHL_WARNING,[procName]=phMonitorSupervisor,[fileName]=phSystemProcessInfo.cpp,[lineNumber]=447,[phLogDetail]=Failed to get system process information(/opt/phoenix/log/Node.js-charting.pid)
2025-02-08T22:35:22.101495+01:00 WIEN-3BB-FSM-SV phRuleWorker[3699553]: [PH_GENERIC_INFO]:[eventSeverity]=PHL_INFO,[procName]=phRuleWorker,[fileName]=phRuleWorker.cpp,[lineNumber]=299,[phLogDetail]=packer thread 44160 no more task, totalInserts=0, totalPackSize=0
2025-02-08T22:35:22.101590+01:00 WIEN-3BB-FSM-SV phRuleWorker[3699553]: [PH_GENERIC_INFO]:[eventSeverity]=PHL_INFO,[procName]=phRuleWorker,[fileName]=phRuleWorker.cpp,[lineNumber]=299,[phLogDetail]=packer thread 45056 no more task, totalInserts=0, totalPackSize=0
2025-02-08T22:35:22.101635+01:00 WIEN-3BB-FSM-SV phRuleWorker[3699553]: [PH_GENERIC_INFO]:[eventSeverity]=PHL_INFO,[procName]=phRuleWorker,[fileName]=phRuleWorker.cpp,[lineNumber]=299,[phLogDetail]=packer thread 1 no more task, totalInserts=0, totalPackSize=0
